{"C:\\Users\\austi\\Documents\\GitHub\\trashbusters_frontend\\src\\App.jsx": {"path":"C:\\Users\\austi\\Documents\\GitHub\\trashbusters_frontend\\src\\App.jsx","statementMap":{"0":{"start":{"line":7,"column":2},"end":{"line":13,"column":3}}},"fnMap":{"0":{"name":"App","decl":{"start":{"line":6,"column":9},"end":{"line":6,"column":12}},"loc":{"start":{"line":6,"column":15},"end":{"line":14,"column":1}},"line":6}},"branchMap":{},"s":{"0":0},"f":{"0":0},"b":{}}
,"C:\\Users\\austi\\Documents\\GitHub\\trashbusters_frontend\\src\\index.js": {"path":"C:\\Users\\austi\\Documents\\GitHub\\trashbusters_frontend\\src\\index.js","statementMap":{"0":{"start":{"line":5,"column":0},"end":{"line":9,"column":1}}},"fnMap":{},"branchMap":{},"s":{"0":0},"f":{},"b":{}}
,"C:\\Users\\austi\\Documents\\GitHub\\trashbusters_frontend\\src\\components\\About.jsx": {"path":"C:\\Users\\austi\\Documents\\GitHub\\trashbusters_frontend\\src\\components\\About.jsx","statementMap":{"0":{"start":{"line":5,"column":4},"end":{"line":24,"column":5}}},"fnMap":{"0":{"name":"About","decl":{"start":{"line":4,"column":24},"end":{"line":4,"column":29}},"loc":{"start":{"line":4,"column":32},"end":{"line":25,"column":1}},"line":4}},"branchMap":{},"s":{"0":2},"f":{"0":2},"b":{},"_coverageSchema":"1a1c01bbd47fc00a2c39e90264f33305004495a9","hash":"6faaa293557000fb731a974b9c29fa73a1ac45d6"}
,"C:\\Users\\austi\\Documents\\GitHub\\trashbusters_frontend\\src\\components\\Contact.jsx": {"path":"C:\\Users\\austi\\Documents\\GitHub\\trashbusters_frontend\\src\\components\\Contact.jsx","statementMap":{"0":{"start":{"line":6,"column":4},"end":{"line":29,"column":5}}},"fnMap":{"0":{"name":"Contact","decl":{"start":{"line":5,"column":24},"end":{"line":5,"column":31}},"loc":{"start":{"line":5,"column":34},"end":{"line":30,"column":1}},"line":5}},"branchMap":{},"s":{"0":0},"f":{"0":0},"b":{}}
,"C:\\Users\\austi\\Documents\\GitHub\\trashbusters_frontend\\src\\components\\Footer.jsx": {"path":"C:\\Users\\austi\\Documents\\GitHub\\trashbusters_frontend\\src\\components\\Footer.jsx","statementMap":{"0":{"start":{"line":5,"column":22},"end":{"line":5,"column":94}},"1":{"start":{"line":7,"column":2},"end":{"line":17,"column":4}}},"fnMap":{"0":{"name":"Footer","decl":{"start":{"line":4,"column":24},"end":{"line":4,"column":30}},"loc":{"start":{"line":4,"column":33},"end":{"line":18,"column":1}},"line":4}},"branchMap":{},"s":{"0":0,"1":0},"f":{"0":0},"b":{}}
,"C:\\Users\\austi\\Documents\\GitHub\\trashbusters_frontend\\src\\components\\Main.jsx": {"path":"C:\\Users\\austi\\Documents\\GitHub\\trashbusters_frontend\\src\\components\\Main.jsx","statementMap":{"0":{"start":{"line":9,"column":4},"end":{"line":20,"column":6}}},"fnMap":{"0":{"name":"Main","decl":{"start":{"line":8,"column":24},"end":{"line":8,"column":28}},"loc":{"start":{"line":8,"column":31},"end":{"line":21,"column":1}},"line":8}},"branchMap":{},"s":{"0":0},"f":{"0":0},"b":{}}
,"C:\\Users\\austi\\Documents\\GitHub\\trashbusters_frontend\\src\\components\\Navbar.jsx": {"path":"C:\\Users\\austi\\Documents\\GitHub\\trashbusters_frontend\\src\\components\\Navbar.jsx","statementMap":{"0":{"start":{"line":5,"column":22},"end":{"line":24,"column":1}},"1":{"start":{"line":7,"column":2},"end":{"line":23,"column":4}}},"fnMap":{"0":{"name":"(anonymous_0)","decl":{"start":{"line":5,"column":22},"end":{"line":5,"column":23}},"loc":{"start":{"line":5,"column":33},"end":{"line":24,"column":1}},"line":5}},"branchMap":{},"s":{"0":0,"1":0},"f":{"0":0},"b":{}}
,"C:\\Users\\austi\\Documents\\GitHub\\trashbusters_frontend\\src\\components\\Pics.jsx": {"path":"C:\\Users\\austi\\Documents\\GitHub\\trashbusters_frontend\\src\\components\\Pics.jsx","statementMap":{"0":{"start":{"line":7,"column":4},"end":{"line":16,"column":5}}},"fnMap":{"0":{"name":"Pics","decl":{"start":{"line":6,"column":24},"end":{"line":6,"column":28}},"loc":{"start":{"line":6,"column":31},"end":{"line":17,"column":1}},"line":6}},"branchMap":{},"s":{"0":0},"f":{"0":0},"b":{}}
,"C:\\Users\\austi\\Documents\\GitHub\\trashbusters_frontend\\src\\components\\Pitch.jsx": {"path":"C:\\Users\\austi\\Documents\\GitHub\\trashbusters_frontend\\src\\components\\Pitch.jsx","statementMap":{"0":{"start":{"line":6,"column":4},"end":{"line":17,"column":5}}},"fnMap":{"0":{"name":"Pitch","decl":{"start":{"line":5,"column":24},"end":{"line":5,"column":29}},"loc":{"start":{"line":5,"column":32},"end":{"line":18,"column":1}},"line":5}},"branchMap":{},"s":{"0":0},"f":{"0":0},"b":{}}
,"C:\\Users\\austi\\Documents\\GitHub\\trashbusters_frontend\\src\\components\\PrettyPic.jsx": {"path":"C:\\Users\\austi\\Documents\\GitHub\\trashbusters_frontend\\src\\components\\PrettyPic.jsx","statementMap":{"0":{"start":{"line":6,"column":4},"end":{"line":8,"column":5}}},"fnMap":{"0":{"name":"PrettyPic","decl":{"start":{"line":5,"column":24},"end":{"line":5,"column":33}},"loc":{"start":{"line":5,"column":36},"end":{"line":9,"column":1}},"line":5}},"branchMap":{},"s":{"0":0},"f":{"0":0},"b":{}}
,"C:\\Users\\austi\\Documents\\GitHub\\trashbusters_frontend\\src\\components\\TrashMap.jsx": {"path":"C:\\Users\\austi\\Documents\\GitHub\\trashbusters_frontend\\src\\components\\TrashMap.jsx","statementMap":{"0":{"start":{"line":5,"column":23},"end":{"line":8,"column":1}},"1":{"start":{"line":10,"column":12},"end":{"line":13,"column":1}},"2":{"start":{"line":15,"column":24},"end":{"line":21,"column":1}},"3":{"start":{"line":23,"column":29},"end":{"line":27,"column":1}},"4":{"start":{"line":29,"column":27},"end":{"line":36,"column":1}},"5":{"start":{"line":38,"column":31},"end":{"line":40,"column":1}},"6":{"start":{"line":42,"column":33},"end":{"line":44,"column":1}},"7":{"start":{"line":47,"column":30},"end":{"line":47,"column":44}},"8":{"start":{"line":48,"column":33},"end":{"line":48,"column":45}},"9":{"start":{"line":49,"column":26},"end":{"line":49,"column":38}},"10":{"start":{"line":50,"column":46},"end":{"line":50,"column":60}},"11":{"start":{"line":52,"column":25},"end":{"line":57,"column":3}},"12":{"start":{"line":53,"column":16},"end":{"line":53,"column":34}},"13":{"start":{"line":54,"column":16},"end":{"line":54,"column":34}},"14":{"start":{"line":55,"column":4},"end":{"line":55,"column":28}},"15":{"start":{"line":56,"column":4},"end":{"line":56,"column":27}},"16":{"start":{"line":59,"column":34},"end":{"line":61,"column":3}},"17":{"start":{"line":60,"column":4},"end":{"line":60,"column":39}},"18":{"start":{"line":63,"column":31},"end":{"line":87,"column":3}},"19":{"start":{"line":64,"column":4},"end":{"line":86,"column":5}},"20":{"start":{"line":66,"column":6},"end":{"line":84,"column":9}},"21":{"start":{"line":72,"column":8},"end":{"line":72,"column":34}},"22":{"start":{"line":73,"column":23},"end":{"line":77,"column":21}},"23":{"start":{"line":78,"column":8},"end":{"line":78,"column":35}},"24":{"start":{"line":79,"column":8},"end":{"line":79,"column":24}},"25":{"start":{"line":80,"column":8},"end":{"line":80,"column":27}},"26":{"start":{"line":83,"column":8},"end":{"line":83,"column":27}},"27":{"start":{"line":85,"column":6},"end":{"line":85,"column":22}},"28":{"start":{"line":89,"column":28},"end":{"line":102,"column":3}},"29":{"start":{"line":90,"column":4},"end":{"line":90,"column":37}},"30":{"start":{"line":92,"column":4},"end":{"line":100,"column":9}},"31":{"start":{"line":94,"column":8},"end":{"line":94,"column":25}},"32":{"start":{"line":95,"column":8},"end":{"line":95,"column":53}},"33":{"start":{"line":95,"column":35},"end":{"line":95,"column":50}},"34":{"start":{"line":96,"column":8},"end":{"line":96,"column":25}},"35":{"start":{"line":99,"column":8},"end":{"line":99,"column":27}},"36":{"start":{"line":101,"column":6},"end":{"line":101,"column":30}},"37":{"start":{"line":104,"column":2},"end":{"line":113,"column":9}},"38":{"start":{"line":106,"column":4},"end":{"line":112,"column":9}},"39":{"start":{"line":108,"column":8},"end":{"line":108,"column":31}},"40":{"start":{"line":111,"column":8},"end":{"line":111,"column":27}},"41":{"start":{"line":115,"column":2},"end":{"line":167,"column":3}},"42":{"start":{"line":128,"column":10},"end":{"line":134,"column":20}},"43":{"start":{"line":133,"column":27},"end":{"line":133,"column":49}},"44":{"start":{"line":140,"column":14},"end":{"line":140,"column":29}},"45":{"start":{"line":154,"column":32},"end":{"line":154,"column":55}},"46":{"start":{"line":161,"column":114},"end":{"line":161,"column":151}}},"fnMap":{"0":{"name":"TrashMap","decl":{"start":{"line":46,"column":9},"end":{"line":46,"column":17}},"loc":{"start":{"line":46,"column":20},"end":{"line":168,"column":1}},"line":46},"1":{"name":"(anonymous_1)","decl":{"start":{"line":52,"column":25},"end":{"line":52,"column":26}},"loc":{"start":{"line":52,"column":36},"end":{"line":57,"column":3}},"line":52},"2":{"name":"(anonymous_2)","decl":{"start":{"line":59,"column":34},"end":{"line":59,"column":35}},"loc":{"start":{"line":59,"column":45},"end":{"line":61,"column":3}},"line":59},"3":{"name":"(anonymous_3)","decl":{"start":{"line":63,"column":31},"end":{"line":63,"column":32}},"loc":{"start":{"line":63,"column":37},"end":{"line":87,"column":3}},"line":63},"4":{"name":"(anonymous_4)","decl":{"start":{"line":71,"column":12},"end":{"line":71,"column":13}},"loc":{"start":{"line":71,"column":26},"end":{"line":81,"column":7}},"line":71},"5":{"name":"(anonymous_5)","decl":{"start":{"line":82,"column":13},"end":{"line":82,"column":14}},"loc":{"start":{"line":82,"column":24},"end":{"line":84,"column":7}},"line":82},"6":{"name":"(anonymous_6)","decl":{"start":{"line":89,"column":28},"end":{"line":89,"column":29}},"loc":{"start":{"line":89,"column":37},"end":{"line":102,"column":3}},"line":89},"7":{"name":"(anonymous_7)","decl":{"start":{"line":93,"column":12},"end":{"line":93,"column":13}},"loc":{"start":{"line":93,"column":18},"end":{"line":97,"column":7}},"line":93},"8":{"name":"(anonymous_8)","decl":{"start":{"line":95,"column":28},"end":{"line":95,"column":29}},"loc":{"start":{"line":95,"column":35},"end":{"line":95,"column":50}},"line":95},"9":{"name":"(anonymous_9)","decl":{"start":{"line":98,"column":13},"end":{"line":98,"column":14}},"loc":{"start":{"line":98,"column":24},"end":{"line":100,"column":7}},"line":98},"10":{"name":"(anonymous_10)","decl":{"start":{"line":104,"column":12},"end":{"line":104,"column":13}},"loc":{"start":{"line":104,"column":18},"end":{"line":113,"column":3}},"line":104},"11":{"name":"(anonymous_11)","decl":{"start":{"line":107,"column":12},"end":{"line":107,"column":13}},"loc":{"start":{"line":107,"column":26},"end":{"line":109,"column":7}},"line":107},"12":{"name":"(anonymous_12)","decl":{"start":{"line":110,"column":13},"end":{"line":110,"column":14}},"loc":{"start":{"line":110,"column":24},"end":{"line":112,"column":7}},"line":110},"13":{"name":"(anonymous_13)","decl":{"start":{"line":127,"column":18},"end":{"line":127,"column":19}},"loc":{"start":{"line":128,"column":10},"end":{"line":134,"column":20}},"line":128},"14":{"name":"(anonymous_14)","decl":{"start":{"line":133,"column":21},"end":{"line":133,"column":22}},"loc":{"start":{"line":133,"column":27},"end":{"line":133,"column":49}},"line":133},"15":{"name":"(anonymous_15)","decl":{"start":{"line":139,"column":39},"end":{"line":139,"column":40}},"loc":{"start":{"line":139,"column":45},"end":{"line":141,"column":13}},"line":139},"16":{"name":"(anonymous_16)","decl":{"start":{"line":154,"column":26},"end":{"line":154,"column":27}},"loc":{"start":{"line":154,"column":32},"end":{"line":154,"column":55}},"line":154},"17":{"name":"(anonymous_17)","decl":{"start":{"line":161,"column":108},"end":{"line":161,"column":109}},"loc":{"start":{"line":161,"column":114},"end":{"line":161,"column":151}},"line":161}},"branchMap":{"0":{"loc":{"start":{"line":64,"column":4},"end":{"line":86,"column":5}},"type":"if","locations":[{"start":{"line":64,"column":4},"end":{"line":86,"column":5}},{"start":{},"end":{}}],"line":64},"1":{"loc":{"start":{"line":64,"column":8},"end":{"line":64,"column":22}},"type":"binary-expr","locations":[{"start":{"line":64,"column":8},"end":{"line":64,"column":14}},{"start":{"line":64,"column":18},"end":{"line":64,"column":22}}],"line":64},"2":{"loc":{"start":{"line":137,"column":9},"end":{"line":150,"column":9}},"type":"binary-expr","locations":[{"start":{"line":137,"column":9},"end":{"line":137,"column":15}},{"start":{"line":138,"column":10},"end":{"line":149,"column":20}}],"line":137},"3":{"loc":{"start":{"line":151,"column":9},"end":{"line":164,"column":9}},"type":"binary-expr","locations":[{"start":{"line":151,"column":9},"end":{"line":151,"column":23}},{"start":{"line":152,"column":10},"end":{"line":163,"column":24}}],"line":151}},"s":{"0":0,"1":0,"2":0,"3":0,"4":0,"5":0,"6":0,"7":0,"8":0,"9":0,"10":0,"11":0,"12":0,"13":0,"14":0,"15":0,"16":0,"17":0,"18":0,"19":0,"20":0,"21":0,"22":0,"23":0,"24":0,"25":0,"26":0,"27":0,"28":0,"29":0,"30":0,"31":0,"32":0,"33":0,"34":0,"35":0,"36":0,"37":0,"38":0,"39":0,"40":0,"41":0,"42":0,"43":0,"44":0,"45":0,"46":0},"f":{"0":0,"1":0,"2":0,"3":0,"4":0,"5":0,"6":0,"7":0,"8":0,"9":0,"10":0,"11":0,"12":0,"13":0,"14":0,"15":0,"16":0,"17":0},"b":{"0":[0,0],"1":[0,0],"2":[0,0],"3":[0,0]}}
,"C:\\Users\\austi\\Documents\\GitHub\\trashbusters_frontend\\src\\components\\TrashMapContainer.jsx": {"path":"C:\\Users\\austi\\Documents\\GitHub\\trashbusters_frontend\\src\\components\\TrashMapContainer.jsx","statementMap":{"0":{"start":{"line":6,"column":4},"end":{"line":21,"column":5}}},"fnMap":{"0":{"name":"TrashMapContainer","decl":{"start":{"line":5,"column":24},"end":{"line":5,"column":41}},"loc":{"start":{"line":5,"column":44},"end":{"line":22,"column":1}},"line":5}},"branchMap":{},"s":{"0":0},"f":{"0":0},"b":{}}
,"C:\\Users\\austi\\Documents\\GitHub\\trashbusters_frontend\\src\\components\\UglyPic.jsx": {"path":"C:\\Users\\austi\\Documents\\GitHub\\trashbusters_frontend\\src\\components\\UglyPic.jsx","statementMap":{"0":{"start":{"line":6,"column":4},"end":{"line":8,"column":5}}},"fnMap":{"0":{"name":"UglyPic","decl":{"start":{"line":5,"column":24},"end":{"line":5,"column":31}},"loc":{"start":{"line":5,"column":34},"end":{"line":9,"column":1}},"line":5}},"branchMap":{},"s":{"0":0},"f":{"0":0},"b":{}}
}
