TN:
SF:src\App.jsx
FN:6,App
FNF:1
FNH:0
FNDA:0,App
DA:7,0
LF:1
LH:0
BRF:0
BRH:0
end_of_record
TN:
SF:src\index.js
FNF:0
FNH:0
DA:5,0
LF:1
LH:0
BRF:0
BRH:0
end_of_record
TN:
SF:src\components\About.jsx
FN:4,About
FNF:1
FNH:1
FNDA:2,About
DA:5,2
LF:1
LH:1
BRF:0
BRH:0
end_of_record
TN:
SF:src\components\Contact.jsx
FN:5,Contact
FNF:1
FNH:0
FNDA:0,Contact
DA:6,0
LF:1
LH:0
BRF:0
BRH:0
end_of_record
TN:
SF:src\components\Footer.jsx
FN:4,Footer
FNF:1
FNH:0
FNDA:0,Footer
DA:5,0
DA:7,0
LF:2
LH:0
BRF:0
BRH:0
end_of_record
TN:
SF:src\components\Main.jsx
FN:8,Main
FNF:1
FNH:0
FNDA:0,Main
DA:9,0
LF:1
LH:0
BRF:0
BRH:0
end_of_record
TN:
SF:src\components\Navbar.jsx
FN:5,(anonymous_0)
FNF:1
FNH:0
FNDA:0,(anonymous_0)
DA:5,0
DA:7,0
LF:2
LH:0
BRF:0
BRH:0
end_of_record
TN:
SF:src\components\Pics.jsx
FN:6,Pics
FNF:1
FNH:0
FNDA:0,Pics
DA:7,0
LF:1
LH:0
BRF:0
BRH:0
end_of_record
TN:
SF:src\components\Pitch.jsx
FN:5,Pitch
FNF:1
FNH:0
FNDA:0,Pitch
DA:6,0
LF:1
LH:0
BRF:0
BRH:0
end_of_record
TN:
SF:src\components\PrettyPic.jsx
FN:5,PrettyPic
FNF:1
FNH:0
FNDA:0,PrettyPic
DA:6,0
LF:1
LH:0
BRF:0
BRH:0
end_of_record
TN:
SF:src\components\TrashMap.jsx
FN:46,TrashMap
FN:52,(anonymous_1)
FN:59,(anonymous_2)
FN:63,(anonymous_3)
FN:71,(anonymous_4)
FN:82,(anonymous_5)
FN:89,(anonymous_6)
FN:93,(anonymous_7)
FN:95,(anonymous_8)
FN:98,(anonymous_9)
FN:104,(anonymous_10)
FN:107,(anonymous_11)
FN:110,(anonymous_12)
FN:127,(anonymous_13)
FN:133,(anonymous_14)
FN:139,(anonymous_15)
FN:154,(anonymous_16)
FN:161,(anonymous_17)
FNF:18
FNH:0
FNDA:0,TrashMap
FNDA:0,(anonymous_1)
FNDA:0,(anonymous_2)
FNDA:0,(anonymous_3)
FNDA:0,(anonymous_4)
FNDA:0,(anonymous_5)
FNDA:0,(anonymous_6)
FNDA:0,(anonymous_7)
FNDA:0,(anonymous_8)
FNDA:0,(anonymous_9)
FNDA:0,(anonymous_10)
FNDA:0,(anonymous_11)
FNDA:0,(anonymous_12)
FNDA:0,(anonymous_13)
FNDA:0,(anonymous_14)
FNDA:0,(anonymous_15)
FNDA:0,(anonymous_16)
FNDA:0,(anonymous_17)
DA:5,0
DA:10,0
DA:15,0
DA:23,0
DA:29,0
DA:38,0
DA:42,0
DA:47,0
DA:48,0
DA:49,0
DA:50,0
DA:52,0
DA:53,0
DA:54,0
DA:55,0
DA:56,0
DA:59,0
DA:60,0
DA:63,0
DA:64,0
DA:66,0
DA:72,0
DA:73,0
DA:78,0
DA:79,0
DA:80,0
DA:83,0
DA:85,0
DA:89,0
DA:90,0
DA:92,0
DA:94,0
DA:95,0
DA:96,0
DA:99,0
DA:101,0
DA:104,0
DA:106,0
DA:108,0
DA:111,0
DA:115,0
DA:128,0
DA:133,0
DA:140,0
DA:154,0
DA:161,0
LF:46
LH:0
BRDA:64,0,0,0
BRDA:64,0,1,0
BRDA:64,1,0,0
BRDA:64,1,1,0
BRDA:137,2,0,0
BRDA:137,2,1,0
BRDA:151,3,0,0
BRDA:151,3,1,0
BRF:8
BRH:0
end_of_record
TN:
SF:src\components\TrashMapContainer.jsx
FN:5,TrashMapContainer
FNF:1
FNH:0
FNDA:0,TrashMapContainer
DA:6,0
LF:1
LH:0
BRF:0
BRH:0
end_of_record
TN:
SF:src\components\UglyPic.jsx
FN:5,UglyPic
FNF:1
FNH:0
FNDA:0,UglyPic
DA:6,0
LF:1
LH:0
BRF:0
BRH:0
end_of_record
